<?xml version="1.0" encoding="UTF-8"?>
<testsuite xmlns:xsi="http://www.w3.org/2001/XMLSchema-instance" xsi:noNamespaceSchemaLocation="https://maven.apache.org/surefire/maven-surefire-plugin/xsd/surefire-test-report-3.0.xsd" version="3.0" name="com.mycompany.xo_game.BoardTest" time="0.095" tests="5" errors="0" skipped="0" failures="0">
  <properties>
[...]
</properties>
  <testcase name="getRow" classname="com.mycompany.xo_game.BoardTest" time="0.047"/>
  <testcase name="isEmpWithOp" classname="com.mycompany.xo_game.BoardTest" time="0.005"/>
  <testcase name="getRowWithNeg" classname="com.mycompany.xo_game.BoardTest" time="0.001"/>
  <testcase name="isEmp" classname="com.mycompany.xo_game.BoardTest" time="0.002"/>
  <testcase name="repChar" classname="com.mycompany.xo_game.BoardTest" time="0.002"/>
</testsuite>